[2m2020-06-14 15:56:04.070[0;39m [32m INFO[0;39m [35m8280[0;39m [2m---[0;39m [2m[  restartedMain][0;39m [36m.e.DevToolsPropertyDefaultsPostProcessor[0;39m [2m:[0;39m Devtools property defaults active! Set 'spring.devtools.add-properties' to 'false' to disable
[2m2020-06-14 15:56:04.078[0;39m [32m INFO[0;39m [35m8280[0;39m [2m---[0;39m [2m[  restartedMain][0;39m [36m.e.DevToolsPropertyDefaultsPostProcessor[0;39m [2m:[0;39m For additional web related logging consider setting the 'logging.level.web' property to 'DEBUG'
[2m2020-06-14 15:56:06.301[0;39m [32m INFO[0;39m [35m8280[0;39m [2m---[0;39m [2m[  restartedMain][0;39m [36mtrationDelegate$BeanPostProcessorChecker[0;39m [2m:[0;39m Bean 'org.springframework.ws.config.annotation.DelegatingWsConfiguration' of type [org.springframework.ws.config.annotation.DelegatingWsConfiguration$$EnhancerBySpringCGLIB$$4d118ba9] is not eligible for getting processed by all BeanPostProcessors (for example: not eligible for auto-proxying)
[2m2020-06-14 15:56:06.360[0;39m [32m INFO[0;39m [35m8280[0;39m [2m---[0;39m [2m[  restartedMain][0;39m [36m.w.s.a.s.AnnotationActionEndpointMapping[0;39m [2m:[0;39m Supporting [WS-Addressing August 2004, WS-Addressing 1.0]
[2m2020-06-14 15:56:06.796[0;39m [32m INFO[0;39m [35m8280[0;39m [2m---[0;39m [2m[  restartedMain][0;39m [36mo.s.b.w.embedded.tomcat.TomcatWebServer [0;39m [2m:[0;39m Tomcat initialized with port(s): 9999 (http)
[2m2020-06-14 15:56:06.982[0;39m [32m INFO[0;39m [35m8280[0;39m [2m---[0;39m [2m[  restartedMain][0;39m [36mo.s.web.context.ContextLoader           [0;39m [2m:[0;39m Root WebApplicationContext: initialization completed in 2903 ms
[2m2020-06-14 15:56:09.000[0;39m [32m INFO[0;39m [35m8280[0;39m [2m---[0;39m [2m[  restartedMain][0;39m [36mo.s.s.concurrent.ThreadPoolTaskExecutor [0;39m [2m:[0;39m Initializing ExecutorService 'applicationTaskExecutor'
[2m2020-06-14 15:56:09.075[0;39m [32m INFO[0;39m [35m8280[0;39m [2m---[0;39m [2m[  restartedMain][0;39m [36mo.s.b.d.a.OptionalLiveReloadServer      [0;39m [2m:[0;39m LiveReload server is running on port 35729
[2m2020-06-14 15:56:10.391[0;39m [32m INFO[0;39m [35m8280[0;39m [2m---[0;39m [2m[  restartedMain][0;39m [36mo.s.b.w.embedded.tomcat.TomcatWebServer [0;39m [2m:[0;39m Tomcat started on port(s): 9999 (http) with context path '/happyhouse'
[2m2020-06-14 15:56:19.448[0;39m [32m INFO[0;39m [35m8280[0;39m [2m---[0;39m [2m[nio-9999-exec-1][0;39m [36mo.s.web.servlet.DispatcherServlet       [0;39m [2m:[0;39m Initializing Servlet 'dispatcherServlet'
[2m2020-06-14 15:56:19.461[0;39m [32m INFO[0;39m [35m8280[0;39m [2m---[0;39m [2m[nio-9999-exec-1][0;39m [36mo.s.web.servlet.DispatcherServlet       [0;39m [2m:[0;39m Completed initialization in 13 ms
[2m2020-06-14 15:57:00.196[0;39m [32mDEBUG[0;39m [35m8280[0;39m [2m---[0;39m [2m[nio-9999-exec-5][0;39m [36mc.s.h.controller.UserController         [0;39m [2m:[0;39m CALL SIGN_IN METHOD --------------------------------- User [userId=ssafy, password=string, userName=ssafy1, address=string, phoneNumber=string]
[2m2020-06-14 15:58:39.678[0;39m [32m INFO[0;39m [35m8280[0;39m [2m---[0;39m [2m[       Thread-5][0;39m [36mo.s.s.concurrent.ThreadPoolTaskExecutor [0;39m [2m:[0;39m Shutting down ExecutorService 'applicationTaskExecutor'
[2m2020-06-14 15:58:40.748[0;39m [32m INFO[0;39m [35m8280[0;39m [2m---[0;39m [2m[  restartedMain][0;39m [36mtrationDelegate$BeanPostProcessorChecker[0;39m [2m:[0;39m Bean 'org.springframework.ws.config.annotation.DelegatingWsConfiguration' of type [org.springframework.ws.config.annotation.DelegatingWsConfiguration$$EnhancerBySpringCGLIB$$4d118ba9] is not eligible for getting processed by all BeanPostProcessors (for example: not eligible for auto-proxying)
[2m2020-06-14 15:58:40.750[0;39m [32m INFO[0;39m [35m8280[0;39m [2m---[0;39m [2m[  restartedMain][0;39m [36m.w.s.a.s.AnnotationActionEndpointMapping[0;39m [2m:[0;39m Supporting [WS-Addressing August 2004, WS-Addressing 1.0]
[2m2020-06-14 15:58:40.876[0;39m [32m INFO[0;39m [35m8280[0;39m [2m---[0;39m [2m[  restartedMain][0;39m [36mo.s.b.w.embedded.tomcat.TomcatWebServer [0;39m [2m:[0;39m Tomcat initialized with port(s): 9999 (http)
[2m2020-06-14 15:58:40.901[0;39m [32m INFO[0;39m [35m8280[0;39m [2m---[0;39m [2m[  restartedMain][0;39m [36mo.s.web.context.ContextLoader           [0;39m [2m:[0;39m Root WebApplicationContext: initialization completed in 653 ms
[2m2020-06-14 15:58:41.146[0;39m [32m INFO[0;39m [35m8280[0;39m [2m---[0;39m [2m[  restartedMain][0;39m [36mo.s.s.concurrent.ThreadPoolTaskExecutor [0;39m [2m:[0;39m Initializing ExecutorService 'applicationTaskExecutor'
[2m2020-06-14 15:58:41.154[0;39m [32m INFO[0;39m [35m8280[0;39m [2m---[0;39m [2m[  restartedMain][0;39m [36mo.s.b.d.a.OptionalLiveReloadServer      [0;39m [2m:[0;39m LiveReload server is running on port 35729
[2m2020-06-14 15:58:41.317[0;39m [32m INFO[0;39m [35m8280[0;39m [2m---[0;39m [2m[  restartedMain][0;39m [36mo.s.b.w.embedded.tomcat.TomcatWebServer [0;39m [2m:[0;39m Tomcat started on port(s): 9999 (http) with context path '/happyhouse'
[2m2020-06-14 15:58:41.320[0;39m [32m INFO[0;39m [35m8280[0;39m [2m---[0;39m [2m[  restartedMain][0;39m [36m.ConditionEvaluationDeltaLoggingListener[0;39m [2m:[0;39m Condition evaluation unchanged
[2m2020-06-14 15:58:50.581[0;39m [32m INFO[0;39m [35m8280[0;39m [2m---[0;39m [2m[nio-9999-exec-1][0;39m [36mo.s.web.servlet.DispatcherServlet       [0;39m [2m:[0;39m Initializing Servlet 'dispatcherServlet'
[2m2020-06-14 15:58:50.587[0;39m [32m INFO[0;39m [35m8280[0;39m [2m---[0;39m [2m[nio-9999-exec-1][0;39m [36mo.s.web.servlet.DispatcherServlet       [0;39m [2m:[0;39m Completed initialization in 5 ms
[2m2020-06-14 15:58:50.598[0;39m [32mDEBUG[0;39m [35m8280[0;39m [2m---[0;39m [2m[nio-9999-exec-1][0;39m [36mc.s.h.controller.UserController         [0;39m [2m:[0;39m CALL SIGN_IN METHOD --------------------------------- User [userId=ssafy, password=string, userName=ssafy1, address=string, phoneNumber=string]
[2m2020-06-14 16:01:46.486[0;39m [32mDEBUG[0;39m [35m8280[0;39m [2m---[0;39m [2m[nio-9999-exec-8][0;39m [36mc.s.h.controller.UserController         [0;39m [2m:[0;39m CALL SIGN_IN METHOD --------------------------------- User [userId=ssafy, password=string, userName=ssafy, address=string, phoneNumber=string]
[2m2020-06-14 16:02:29.703[0;39m [32mDEBUG[0;39m [35m8280[0;39m [2m---[0;39m [2m[nio-9999-exec-7][0;39m [36mc.s.h.controller.UserController         [0;39m [2m:[0;39m CALL SIGN_IN METHOD --------------------------------- User [userId=ssafy, password=string, userName=ssafy, address=string, phoneNumber=string]
[2m2020-06-14 16:03:27.387[0;39m [32mDEBUG[0;39m [35m8280[0;39m [2m---[0;39m [2m[io-9999-exec-10][0;39m [36mc.s.h.controller.UserController         [0;39m [2m:[0;39m CALL RETRIEVE_USER_BY_USERID METHOD --------------------------------- ssafy
[2m2020-06-14 16:04:07.162[0;39m [32m INFO[0;39m [35m8280[0;39m [2m---[0;39m [2m[       Thread-9][0;39m [36mo.s.s.concurrent.ThreadPoolTaskExecutor [0;39m [2m:[0;39m Shutting down ExecutorService 'applicationTaskExecutor'
[2m2020-06-14 16:04:08.816[0;39m [32m INFO[0;39m [35m8280[0;39m [2m---[0;39m [2m[  restartedMain][0;39m [36mtrationDelegate$BeanPostProcessorChecker[0;39m [2m:[0;39m Bean 'org.springframework.ws.config.annotation.DelegatingWsConfiguration' of type [org.springframework.ws.config.annotation.DelegatingWsConfiguration$$EnhancerBySpringCGLIB$$4d118ba9] is not eligible for getting processed by all BeanPostProcessors (for example: not eligible for auto-proxying)
[2m2020-06-14 16:04:08.818[0;39m [32m INFO[0;39m [35m8280[0;39m [2m---[0;39m [2m[  restartedMain][0;39m [36m.w.s.a.s.AnnotationActionEndpointMapping[0;39m [2m:[0;39m Supporting [WS-Addressing August 2004, WS-Addressing 1.0]
[2m2020-06-14 16:04:08.994[0;39m [32m INFO[0;39m [35m8280[0;39m [2m---[0;39m [2m[  restartedMain][0;39m [36mo.s.b.w.embedded.tomcat.TomcatWebServer [0;39m [2m:[0;39m Tomcat initialized with port(s): 9999 (http)
[2m2020-06-14 16:04:09.032[0;39m [32m INFO[0;39m [35m8280[0;39m [2m---[0;39m [2m[  restartedMain][0;39m [36mo.s.web.context.ContextLoader           [0;39m [2m:[0;39m Root WebApplicationContext: initialization completed in 927 ms
[2m2020-06-14 16:04:09.322[0;39m [32m INFO[0;39m [35m8280[0;39m [2m---[0;39m [2m[  restartedMain][0;39m [36mo.s.s.concurrent.ThreadPoolTaskExecutor [0;39m [2m:[0;39m Initializing ExecutorService 'applicationTaskExecutor'
[2m2020-06-14 16:04:09.330[0;39m [32m INFO[0;39m [35m8280[0;39m [2m---[0;39m [2m[  restartedMain][0;39m [36mo.s.b.d.a.OptionalLiveReloadServer      [0;39m [2m:[0;39m LiveReload server is running on port 35729
[2m2020-06-14 16:04:09.502[0;39m [32m INFO[0;39m [35m8280[0;39m [2m---[0;39m [2m[  restartedMain][0;39m [36mo.s.b.w.embedded.tomcat.TomcatWebServer [0;39m [2m:[0;39m Tomcat started on port(s): 9999 (http) with context path '/happyhouse'
[2m2020-06-14 16:04:09.505[0;39m [32m INFO[0;39m [35m8280[0;39m [2m---[0;39m [2m[  restartedMain][0;39m [36m.ConditionEvaluationDeltaLoggingListener[0;39m [2m:[0;39m Condition evaluation unchanged
[2m2020-06-14 16:04:09.517[0;39m [32m INFO[0;39m [35m8280[0;39m [2m---[0;39m [2m[nio-9999-exec-1][0;39m [36mo.s.web.servlet.DispatcherServlet       [0;39m [2m:[0;39m Initializing Servlet 'dispatcherServlet'
[2m2020-06-14 16:04:09.520[0;39m [32m INFO[0;39m [35m8280[0;39m [2m---[0;39m [2m[nio-9999-exec-1][0;39m [36mo.s.web.servlet.DispatcherServlet       [0;39m [2m:[0;39m Completed initialization in 2 ms
[2m2020-06-14 16:04:41.780[0;39m [32m INFO[0;39m [35m8280[0;39m [2m---[0;39m [2m[      Thread-14][0;39m [36mo.s.s.concurrent.ThreadPoolTaskExecutor [0;39m [2m:[0;39m Shutting down ExecutorService 'applicationTaskExecutor'
[2m2020-06-14 16:04:42.743[0;39m [32m INFO[0;39m [35m8280[0;39m [2m---[0;39m [2m[  restartedMain][0;39m [36mtrationDelegate$BeanPostProcessorChecker[0;39m [2m:[0;39m Bean 'org.springframework.ws.config.annotation.DelegatingWsConfiguration' of type [org.springframework.ws.config.annotation.DelegatingWsConfiguration$$EnhancerBySpringCGLIB$$4d118ba9] is not eligible for getting processed by all BeanPostProcessors (for example: not eligible for auto-proxying)
[2m2020-06-14 16:04:42.745[0;39m [32m INFO[0;39m [35m8280[0;39m [2m---[0;39m [2m[  restartedMain][0;39m [36m.w.s.a.s.AnnotationActionEndpointMapping[0;39m [2m:[0;39m Supporting [WS-Addressing August 2004, WS-Addressing 1.0]
[2m2020-06-14 16:04:42.870[0;39m [32m INFO[0;39m [35m8280[0;39m [2m---[0;39m [2m[  restartedMain][0;39m [36mo.s.b.w.embedded.tomcat.TomcatWebServer [0;39m [2m:[0;39m Tomcat initialized with port(s): 9999 (http)
[2m2020-06-14 16:04:42.895[0;39m [32m INFO[0;39m [35m8280[0;39m [2m---[0;39m [2m[  restartedMain][0;39m [36mo.s.web.context.ContextLoader           [0;39m [2m:[0;39m Root WebApplicationContext: initialization completed in 587 ms
[2m2020-06-14 16:04:43.182[0;39m [32m INFO[0;39m [35m8280[0;39m [2m---[0;39m [2m[  restartedMain][0;39m [36mo.s.s.concurrent.ThreadPoolTaskExecutor [0;39m [2m:[0;39m Initializing ExecutorService 'applicationTaskExecutor'
[2m2020-06-14 16:04:43.192[0;39m [32m INFO[0;39m [35m8280[0;39m [2m---[0;39m [2m[  restartedMain][0;39m [36mo.s.b.d.a.OptionalLiveReloadServer      [0;39m [2m:[0;39m LiveReload server is running on port 35729
[2m2020-06-14 16:04:43.364[0;39m [32m INFO[0;39m [35m8280[0;39m [2m---[0;39m [2m[  restartedMain][0;39m [36mo.s.b.w.embedded.tomcat.TomcatWebServer [0;39m [2m:[0;39m Tomcat started on port(s): 9999 (http) with context path '/happyhouse'
[2m2020-06-14 16:04:43.367[0;39m [32m INFO[0;39m [35m8280[0;39m [2m---[0;39m [2m[  restartedMain][0;39m [36m.ConditionEvaluationDeltaLoggingListener[0;39m [2m:[0;39m Condition evaluation unchanged
[2m2020-06-14 16:08:02.368[0;39m [32m INFO[0;39m [35m8280[0;39m [2m---[0;39m [2m[nio-9999-exec-1][0;39m [36mo.s.web.servlet.DispatcherServlet       [0;39m [2m:[0;39m Initializing Servlet 'dispatcherServlet'
[2m2020-06-14 16:08:02.377[0;39m [32m INFO[0;39m [35m8280[0;39m [2m---[0;39m [2m[nio-9999-exec-1][0;39m [36mo.s.web.servlet.DispatcherServlet       [0;39m [2m:[0;39m Completed initialization in 5 ms
[2m2020-06-14 16:08:24.133[0;39m [32mDEBUG[0;39m [35m8280[0;39m [2m---[0;39m [2m[io-9999-exec-10][0;39m [36mc.s.h.controller.UserController         [0;39m [2m:[0;39m CALL SIGN_IN METHOD --------------------------------- User [userId=ssafy, password=string, userName=ssafy1, address=string, phoneNumber=string]
[2m2020-06-14 16:09:13.179[0;39m [32m INFO[0;39m [35m8280[0;39m [2m---[0;39m [2m[      Thread-19][0;39m [36mo.s.s.concurrent.ThreadPoolTaskExecutor [0;39m [2m:[0;39m Shutting down ExecutorService 'applicationTaskExecutor'
[2m2020-06-14 16:09:14.123[0;39m [32m INFO[0;39m [35m8280[0;39m [2m---[0;39m [2m[  restartedMain][0;39m [36mtrationDelegate$BeanPostProcessorChecker[0;39m [2m:[0;39m Bean 'org.springframework.ws.config.annotation.DelegatingWsConfiguration' of type [org.springframework.ws.config.annotation.DelegatingWsConfiguration$$EnhancerBySpringCGLIB$$4d118ba9] is not eligible for getting processed by all BeanPostProcessors (for example: not eligible for auto-proxying)
[2m2020-06-14 16:09:14.125[0;39m [32m INFO[0;39m [35m8280[0;39m [2m---[0;39m [2m[  restartedMain][0;39m [36m.w.s.a.s.AnnotationActionEndpointMapping[0;39m [2m:[0;39m Supporting [WS-Addressing August 2004, WS-Addressing 1.0]
[2m2020-06-14 16:09:14.244[0;39m [32m INFO[0;39m [35m8280[0;39m [2m---[0;39m [2m[  restartedMain][0;39m [36mo.s.b.w.embedded.tomcat.TomcatWebServer [0;39m [2m:[0;39m Tomcat initialized with port(s): 9999 (http)
[2m2020-06-14 16:09:14.269[0;39m [32m INFO[0;39m [35m8280[0;39m [2m---[0;39m [2m[  restartedMain][0;39m [36mo.s.web.context.ContextLoader           [0;39m [2m:[0;39m Root WebApplicationContext: initialization completed in 570 ms
[2m2020-06-14 16:09:14.496[0;39m [32m INFO[0;39m [35m8280[0;39m [2m---[0;39m [2m[  restartedMain][0;39m [36mo.s.s.concurrent.ThreadPoolTaskExecutor [0;39m [2m:[0;39m Initializing ExecutorService 'applicationTaskExecutor'
[2m2020-06-14 16:09:14.502[0;39m [32m INFO[0;39m [35m8280[0;39m [2m---[0;39m [2m[  restartedMain][0;39m [36mo.s.b.d.a.OptionalLiveReloadServer      [0;39m [2m:[0;39m LiveReload server is running on port 35729
[2m2020-06-14 16:09:14.645[0;39m [32m INFO[0;39m [35m8280[0;39m [2m---[0;39m [2m[  restartedMain][0;39m [36mo.s.b.w.embedded.tomcat.TomcatWebServer [0;39m [2m:[0;39m Tomcat started on port(s): 9999 (http) with context path '/happyhouse'
[2m2020-06-14 16:09:14.647[0;39m [32m INFO[0;39m [35m8280[0;39m [2m---[0;39m [2m[  restartedMain][0;39m [36m.ConditionEvaluationDeltaLoggingListener[0;39m [2m:[0;39m Condition evaluation unchanged
[2m2020-06-14 16:10:44.275[0;39m [32m INFO[0;39m [35m8280[0;39m [2m---[0;39m [2m[nio-9999-exec-1][0;39m [36mo.s.web.servlet.DispatcherServlet       [0;39m [2m:[0;39m Initializing Servlet 'dispatcherServlet'
[2m2020-06-14 16:10:44.289[0;39m [32m INFO[0;39m [35m8280[0;39m [2m---[0;39m [2m[nio-9999-exec-1][0;39m [36mo.s.web.servlet.DispatcherServlet       [0;39m [2m:[0;39m Completed initialization in 11 ms
[2m2020-06-14 16:10:55.906[0;39m [32mDEBUG[0;39m [35m8280[0;39m [2m---[0;39m [2m[io-9999-exec-10][0;39m [36mc.s.h.controller.UserController         [0;39m [2m:[0;39m CALL SIGN_IN METHOD --------------------------------- User [userId=string, password=string, userName=string, address=string, phoneNumber=string]
[2m2020-06-14 16:11:14.051[0;39m [32mDEBUG[0;39m [35m8280[0;39m [2m---[0;39m [2m[nio-9999-exec-3][0;39m [36mc.s.h.controller.UserController         [0;39m [2m:[0;39m CALL SIGN_IN METHOD --------------------------------- User [userId=ssafy, password=ssafy1, userName=string, address=string, phoneNumber=string]
[2m2020-06-14 16:12:12.340[0;39m [32m INFO[0;39m [35m8280[0;39m [2m---[0;39m [2m[      Thread-24][0;39m [36mo.s.s.concurrent.ThreadPoolTaskExecutor [0;39m [2m:[0;39m Shutting down ExecutorService 'applicationTaskExecutor'
[2m2020-06-14 16:12:13.473[0;39m [32m INFO[0;39m [35m8280[0;39m [2m---[0;39m [2m[  restartedMain][0;39m [36mtrationDelegate$BeanPostProcessorChecker[0;39m [2m:[0;39m Bean 'org.springframework.ws.config.annotation.DelegatingWsConfiguration' of type [org.springframework.ws.config.annotation.DelegatingWsConfiguration$$EnhancerBySpringCGLIB$$4d118ba9] is not eligible for getting processed by all BeanPostProcessors (for example: not eligible for auto-proxying)
[2m2020-06-14 16:12:13.475[0;39m [32m INFO[0;39m [35m8280[0;39m [2m---[0;39m [2m[  restartedMain][0;39m [36m.w.s.a.s.AnnotationActionEndpointMapping[0;39m [2m:[0;39m Supporting [WS-Addressing August 2004, WS-Addressing 1.0]
[2m2020-06-14 16:12:13.605[0;39m [32m INFO[0;39m [35m8280[0;39m [2m---[0;39m [2m[  restartedMain][0;39m [36mo.s.b.w.embedded.tomcat.TomcatWebServer [0;39m [2m:[0;39m Tomcat initialized with port(s): 9999 (http)
[2m2020-06-14 16:12:13.633[0;39m [32m INFO[0;39m [35m8280[0;39m [2m---[0;39m [2m[  restartedMain][0;39m [36mo.s.web.context.ContextLoader           [0;39m [2m:[0;39m Root WebApplicationContext: initialization completed in 732 ms
[2m2020-06-14 16:12:13.889[0;39m [32m INFO[0;39m [35m8280[0;39m [2m---[0;39m [2m[  restartedMain][0;39m [36mo.s.s.concurrent.ThreadPoolTaskExecutor [0;39m [2m:[0;39m Initializing ExecutorService 'applicationTaskExecutor'
[2m2020-06-14 16:12:13.895[0;39m [32m INFO[0;39m [35m8280[0;39m [2m---[0;39m [2m[  restartedMain][0;39m [36mo.s.b.d.a.OptionalLiveReloadServer      [0;39m [2m:[0;39m LiveReload server is running on port 35729
[2m2020-06-14 16:12:14.035[0;39m [32m INFO[0;39m [35m8280[0;39m [2m---[0;39m [2m[  restartedMain][0;39m [36mo.s.b.w.embedded.tomcat.TomcatWebServer [0;39m [2m:[0;39m Tomcat started on port(s): 9999 (http) with context path '/happyhouse'
[2m2020-06-14 16:12:14.037[0;39m [32m INFO[0;39m [35m8280[0;39m [2m---[0;39m [2m[  restartedMain][0;39m [36m.ConditionEvaluationDeltaLoggingListener[0;39m [2m:[0;39m Condition evaluation unchanged
[2m2020-06-14 16:14:35.866[0;39m [32m INFO[0;39m [35m8280[0;39m [2m---[0;39m [2m[on(2)-127.0.0.1][0;39m [36minMXBeanRegistrar$SpringApplicationAdmin[0;39m [2m:[0;39m Application shutdown requested.
[2m2020-06-14 16:14:35.870[0;39m [32m INFO[0;39m [35m8280[0;39m [2m---[0;39m [2m[on(2)-127.0.0.1][0;39m [36mo.s.s.concurrent.ThreadPoolTaskExecutor [0;39m [2m:[0;39m Shutting down ExecutorService 'applicationTaskExecutor'
[2m2020-06-14 22:02:09.765[0;39m [32m INFO[0;39m [35m13704[0;39m [2m---[0;39m [2m[  restartedMain][0;39m [36m.e.DevToolsPropertyDefaultsPostProcessor[0;39m [2m:[0;39m Devtools property defaults active! Set 'spring.devtools.add-properties' to 'false' to disable
[2m2020-06-14 22:02:09.769[0;39m [32m INFO[0;39m [35m13704[0;39m [2m---[0;39m [2m[  restartedMain][0;39m [36m.e.DevToolsPropertyDefaultsPostProcessor[0;39m [2m:[0;39m For additional web related logging consider setting the 'logging.level.web' property to 'DEBUG'
[2m2020-06-14 22:02:11.213[0;39m [32m INFO[0;39m [35m13704[0;39m [2m---[0;39m [2m[  restartedMain][0;39m [36mtrationDelegate$BeanPostProcessorChecker[0;39m [2m:[0;39m Bean 'org.springframework.ws.config.annotation.DelegatingWsConfiguration' of type [org.springframework.ws.config.annotation.DelegatingWsConfiguration$$EnhancerBySpringCGLIB$$cd60a837] is not eligible for getting processed by all BeanPostProcessors (for example: not eligible for auto-proxying)
[2m2020-06-14 22:02:11.267[0;39m [32m INFO[0;39m [35m13704[0;39m [2m---[0;39m [2m[  restartedMain][0;39m [36m.w.s.a.s.AnnotationActionEndpointMapping[0;39m [2m:[0;39m Supporting [WS-Addressing August 2004, WS-Addressing 1.0]
[2m2020-06-14 22:02:11.569[0;39m [32m INFO[0;39m [35m13704[0;39m [2m---[0;39m [2m[  restartedMain][0;39m [36mo.s.b.w.embedded.tomcat.TomcatWebServer [0;39m [2m:[0;39m Tomcat initialized with port(s): 9999 (http)
[2m2020-06-14 22:02:11.684[0;39m [32m INFO[0;39m [35m13704[0;39m [2m---[0;39m [2m[  restartedMain][0;39m [36mo.s.web.context.ContextLoader           [0;39m [2m:[0;39m Root WebApplicationContext: initialization completed in 1915 ms
[2m2020-06-14 22:02:12.544[0;39m [32m INFO[0;39m [35m13704[0;39m [2m---[0;39m [2m[  restartedMain][0;39m [36mo.s.s.concurrent.ThreadPoolTaskExecutor [0;39m [2m:[0;39m Initializing ExecutorService 'applicationTaskExecutor'
[2m2020-06-14 22:02:12.590[0;39m [32m INFO[0;39m [35m13704[0;39m [2m---[0;39m [2m[  restartedMain][0;39m [36mo.s.b.d.a.OptionalLiveReloadServer      [0;39m [2m:[0;39m LiveReload server is running on port 35729
[2m2020-06-14 22:02:13.140[0;39m [32m INFO[0;39m [35m13704[0;39m [2m---[0;39m [2m[  restartedMain][0;39m [36mo.s.b.w.embedded.tomcat.TomcatWebServer [0;39m [2m:[0;39m Tomcat started on port(s): 9999 (http) with context path '/happyhouse'
[2m2020-06-14 22:02:25.576[0;39m [32m INFO[0;39m [35m13704[0;39m [2m---[0;39m [2m[nio-9999-exec-1][0;39m [36mo.s.web.servlet.DispatcherServlet       [0;39m [2m:[0;39m Initializing Servlet 'dispatcherServlet'
[2m2020-06-14 22:02:25.585[0;39m [32m INFO[0;39m [35m13704[0;39m [2m---[0;39m [2m[nio-9999-exec-1][0;39m [36mo.s.web.servlet.DispatcherServlet       [0;39m [2m:[0;39m Completed initialization in 8 ms
[2m2020-06-14 22:06:35.617[0;39m [32m INFO[0;39m [35m13704[0;39m [2m---[0;39m [2m[on(2)-127.0.0.1][0;39m [36minMXBeanRegistrar$SpringApplicationAdmin[0;39m [2m:[0;39m Application shutdown requested.
[2m2020-06-14 22:06:35.623[0;39m [32m INFO[0;39m [35m13704[0;39m [2m---[0;39m [2m[on(2)-127.0.0.1][0;39m [36mo.s.s.concurrent.ThreadPoolTaskExecutor [0;39m [2m:[0;39m Shutting down ExecutorService 'applicationTaskExecutor'
[2m2020-06-14 22:47:53.513[0;39m [32m INFO[0;39m [35m752[0;39m [2m---[0;39m [2m[  restartedMain][0;39m [36m.e.DevToolsPropertyDefaultsPostProcessor[0;39m [2m:[0;39m Devtools property defaults active! Set 'spring.devtools.add-properties' to 'false' to disable
[2m2020-06-14 22:47:53.516[0;39m [32m INFO[0;39m [35m752[0;39m [2m---[0;39m [2m[  restartedMain][0;39m [36m.e.DevToolsPropertyDefaultsPostProcessor[0;39m [2m:[0;39m For additional web related logging consider setting the 'logging.level.web' property to 'DEBUG'
[2m2020-06-14 22:47:54.692[0;39m [32m INFO[0;39m [35m752[0;39m [2m---[0;39m [2m[  restartedMain][0;39m [36mtrationDelegate$BeanPostProcessorChecker[0;39m [2m:[0;39m Bean 'org.springframework.ws.config.annotation.DelegatingWsConfiguration' of type [org.springframework.ws.config.annotation.DelegatingWsConfiguration$$EnhancerBySpringCGLIB$$3ab0986f] is not eligible for getting processed by all BeanPostProcessors (for example: not eligible for auto-proxying)
[2m2020-06-14 22:47:54.724[0;39m [32m INFO[0;39m [35m752[0;39m [2m---[0;39m [2m[  restartedMain][0;39m [36m.w.s.a.s.AnnotationActionEndpointMapping[0;39m [2m:[0;39m Supporting [WS-Addressing August 2004, WS-Addressing 1.0]
[2m2020-06-14 22:47:55.024[0;39m [32m INFO[0;39m [35m752[0;39m [2m---[0;39m [2m[  restartedMain][0;39m [36mo.s.b.w.embedded.tomcat.TomcatWebServer [0;39m [2m:[0;39m Tomcat initialized with port(s): 9999 (http)
[2m2020-06-14 22:47:55.134[0;39m [32m INFO[0;39m [35m752[0;39m [2m---[0;39m [2m[  restartedMain][0;39m [36mo.s.web.context.ContextLoader           [0;39m [2m:[0;39m Root WebApplicationContext: initialization completed in 1618 ms
[2m2020-06-14 22:47:55.890[0;39m [32m INFO[0;39m [35m752[0;39m [2m---[0;39m [2m[  restartedMain][0;39m [36mo.s.s.concurrent.ThreadPoolTaskExecutor [0;39m [2m:[0;39m Initializing ExecutorService 'applicationTaskExecutor'
[2m2020-06-14 22:47:55.929[0;39m [32m INFO[0;39m [35m752[0;39m [2m---[0;39m [2m[  restartedMain][0;39m [36mo.s.b.d.a.OptionalLiveReloadServer      [0;39m [2m:[0;39m LiveReload server is running on port 35729
[2m2020-06-14 22:47:56.432[0;39m [32m INFO[0;39m [35m752[0;39m [2m---[0;39m [2m[  restartedMain][0;39m [36mo.s.b.w.embedded.tomcat.TomcatWebServer [0;39m [2m:[0;39m Tomcat started on port(s): 9999 (http) with context path '/happyhouse'
[2m2020-06-14 23:18:00.711[0;39m [32m INFO[0;39m [35m752[0;39m [2m---[0;39m [2m[on(2)-127.0.0.1][0;39m [36minMXBeanRegistrar$SpringApplicationAdmin[0;39m [2m:[0;39m Application shutdown requested.
[2m2020-06-14 23:18:00.719[0;39m [32m INFO[0;39m [35m752[0;39m [2m---[0;39m [2m[on(2)-127.0.0.1][0;39m [36mo.s.s.concurrent.ThreadPoolTaskExecutor [0;39m [2m:[0;39m Shutting down ExecutorService 'applicationTaskExecutor'
[2m2020-06-14 23:30:01.625[0;39m [32m INFO[0;39m [35m14672[0;39m [2m---[0;39m [2m[  restartedMain][0;39m [36m.e.DevToolsPropertyDefaultsPostProcessor[0;39m [2m:[0;39m Devtools property defaults active! Set 'spring.devtools.add-properties' to 'false' to disable
[2m2020-06-14 23:30:01.628[0;39m [32m INFO[0;39m [35m14672[0;39m [2m---[0;39m [2m[  restartedMain][0;39m [36m.e.DevToolsPropertyDefaultsPostProcessor[0;39m [2m:[0;39m For additional web related logging consider setting the 'logging.level.web' property to 'DEBUG'
[2m2020-06-14 23:30:02.859[0;39m [32m INFO[0;39m [35m14672[0;39m [2m---[0;39m [2m[  restartedMain][0;39m [36mtrationDelegate$BeanPostProcessorChecker[0;39m [2m:[0;39m Bean 'org.springframework.ws.config.annotation.DelegatingWsConfiguration' of type [org.springframework.ws.config.annotation.DelegatingWsConfiguration$$EnhancerBySpringCGLIB$$f9a90f22] is not eligible for getting processed by all BeanPostProcessors (for example: not eligible for auto-proxying)
[2m2020-06-14 23:30:02.888[0;39m [32m INFO[0;39m [35m14672[0;39m [2m---[0;39m [2m[  restartedMain][0;39m [36m.w.s.a.s.AnnotationActionEndpointMapping[0;39m [2m:[0;39m Supporting [WS-Addressing August 2004, WS-Addressing 1.0]
[2m2020-06-14 23:30:03.190[0;39m [32m INFO[0;39m [35m14672[0;39m [2m---[0;39m [2m[  restartedMain][0;39m [36mo.s.b.w.embedded.tomcat.TomcatWebServer [0;39m [2m:[0;39m Tomcat initialized with port(s): 9999 (http)
[2m2020-06-14 23:30:03.314[0;39m [32m INFO[0;39m [35m14672[0;39m [2m---[0;39m [2m[  restartedMain][0;39m [36mo.s.web.context.ContextLoader           [0;39m [2m:[0;39m Root WebApplicationContext: initialization completed in 1686 ms
[2m2020-06-14 23:30:04.127[0;39m [32m INFO[0;39m [35m14672[0;39m [2m---[0;39m [2m[  restartedMain][0;39m [36mo.s.s.concurrent.ThreadPoolTaskExecutor [0;39m [2m:[0;39m Initializing ExecutorService 'applicationTaskExecutor'
[2m2020-06-14 23:30:04.165[0;39m [32m INFO[0;39m [35m14672[0;39m [2m---[0;39m [2m[  restartedMain][0;39m [36mo.s.b.d.a.OptionalLiveReloadServer      [0;39m [2m:[0;39m LiveReload server is running on port 35729
[2m2020-06-14 23:30:04.643[0;39m [32m INFO[0;39m [35m14672[0;39m [2m---[0;39m [2m[  restartedMain][0;39m [36mo.s.b.w.embedded.tomcat.TomcatWebServer [0;39m [2m:[0;39m Tomcat started on port(s): 9999 (http) with context path '/happyhouse'
[2m2020-06-14 23:30:15.486[0;39m [32m INFO[0;39m [35m14672[0;39m [2m---[0;39m [2m[nio-9999-exec-1][0;39m [36mo.s.web.servlet.DispatcherServlet       [0;39m [2m:[0;39m Initializing Servlet 'dispatcherServlet'
[2m2020-06-14 23:30:15.494[0;39m [32m INFO[0;39m [35m14672[0;39m [2m---[0;39m [2m[nio-9999-exec-1][0;39m [36mo.s.web.servlet.DispatcherServlet       [0;39m [2m:[0;39m Completed initialization in 7 ms
[2m2020-06-14 23:30:22.692[0;39m [31mERROR[0;39m [35m14672[0;39m [2m---[0;39m [2m[io-9999-exec-10][0;39m [36mo.a.c.c.C.[.[.[.[dispatcherServlet]     [0;39m [2m:[0;39m Servlet.service() for servlet [dispatcherServlet] in context with path [/happyhouse] threw exception [Request processing failed; nested exception is java.lang.IllegalStateException: Ambiguous handler methods mapped for '/happyhouse/api/notice/33': {private org.springframework.http.ResponseEntity com.ssafy.happyhouse.controller.NoticeController.retrieveByNo(int) throws java.lang.Exception, private org.springframework.http.ResponseEntity com.ssafy.happyhouse.controller.NoticeController.retrieveByKeyword(java.lang.String) throws java.lang.Exception}] with root cause

java.lang.IllegalStateException: Ambiguous handler methods mapped for '/happyhouse/api/notice/33': {private org.springframework.http.ResponseEntity com.ssafy.happyhouse.controller.NoticeController.retrieveByNo(int) throws java.lang.Exception, private org.springframework.http.ResponseEntity com.ssafy.happyhouse.controller.NoticeController.retrieveByKeyword(java.lang.String) throws java.lang.Exception}
	at org.springframework.web.servlet.handler.AbstractHandlerMethodMapping.lookupHandlerMethod(AbstractHandlerMethodMapping.java:413)
	at org.springframework.web.servlet.handler.AbstractHandlerMethodMapping.getHandlerInternal(AbstractHandlerMethodMapping.java:367)
	at org.springframework.web.servlet.mvc.method.RequestMappingInfoHandlerMapping.getHandlerInternal(RequestMappingInfoHandlerMapping.java:110)
	at org.springframework.web.servlet.mvc.method.RequestMappingInfoHandlerMapping.getHandlerInternal(RequestMappingInfoHandlerMapping.java:59)
	at org.springframework.web.servlet.handler.AbstractHandlerMapping.getHandler(AbstractHandlerMapping.java:395)
	at org.springframework.web.servlet.DispatcherServlet.getHandler(DispatcherServlet.java:1234)
	at org.springframework.web.servlet.DispatcherServlet.doDispatch(DispatcherServlet.java:1016)
	at org.springframework.web.servlet.DispatcherServlet.doService(DispatcherServlet.java:943)
	at org.springframework.web.servlet.FrameworkServlet.processRequest(FrameworkServlet.java:1006)
	at org.springframework.web.servlet.FrameworkServlet.doGet(FrameworkServlet.java:898)
	at javax.servlet.http.HttpServlet.service(HttpServlet.java:634)
	at org.springframework.web.servlet.FrameworkServlet.service(FrameworkServlet.java:883)
	at javax.servlet.http.HttpServlet.service(HttpServlet.java:741)
	at org.apache.catalina.core.ApplicationFilterChain.internalDoFilter(ApplicationFilterChain.java:231)
	at org.apache.catalina.core.ApplicationFilterChain.doFilter(ApplicationFilterChain.java:166)
	at org.apache.tomcat.websocket.server.WsFilter.doFilter(WsFilter.java:53)
	at org.apache.catalina.core.ApplicationFilterChain.internalDoFilter(ApplicationFilterChain.java:193)
	at org.apache.catalina.core.ApplicationFilterChain.doFilter(ApplicationFilterChain.java:166)
	at org.springframework.web.filter.RequestContextFilter.doFilterInternal(RequestContextFilter.java:100)
	at org.springframework.web.filter.OncePerRequestFilter.doFilter(OncePerRequestFilter.java:119)
	at org.apache.catalina.core.ApplicationFilterChain.internalDoFilter(ApplicationFilterChain.java:193)
	at org.apache.catalina.core.ApplicationFilterChain.doFilter(ApplicationFilterChain.java:166)
	at org.springframework.web.filter.FormContentFilter.doFilterInternal(FormContentFilter.java:93)
	at org.springframework.web.filter.OncePerRequestFilter.doFilter(OncePerRequestFilter.java:119)
	at org.apache.catalina.core.ApplicationFilterChain.internalDoFilter(ApplicationFilterChain.java:193)
	at org.apache.catalina.core.ApplicationFilterChain.doFilter(ApplicationFilterChain.java:166)
	at org.springframework.web.filter.CharacterEncodingFilter.doFilterInternal(CharacterEncodingFilter.java:201)
	at org.springframework.web.filter.OncePerRequestFilter.doFilter(OncePerRequestFilter.java:119)
	at org.apache.catalina.core.ApplicationFilterChain.internalDoFilter(ApplicationFilterChain.java:193)
	at org.apache.catalina.core.ApplicationFilterChain.doFilter(ApplicationFilterChain.java:166)
	at org.apache.catalina.core.StandardWrapperValve.invoke(StandardWrapperValve.java:202)
	at org.apache.catalina.core.StandardContextValve.invoke(StandardContextValve.java:96)
	at org.apache.catalina.authenticator.AuthenticatorBase.invoke(AuthenticatorBase.java:541)
	at org.apache.catalina.core.StandardHostValve.invoke(StandardHostValve.java:139)
	at org.apache.catalina.valves.ErrorReportValve.invoke(ErrorReportValve.java:92)
	at org.apache.catalina.core.StandardEngineValve.invoke(StandardEngineValve.java:74)
	at org.apache.catalina.connector.CoyoteAdapter.service(CoyoteAdapter.java:343)
	at org.apache.coyote.http11.Http11Processor.service(Http11Processor.java:373)
	at org.apache.coyote.AbstractProcessorLight.process(AbstractProcessorLight.java:65)
	at org.apache.coyote.AbstractProtocol$ConnectionHandler.process(AbstractProtocol.java:868)
	at org.apache.tomcat.util.net.NioEndpoint$SocketProcessor.doRun(NioEndpoint.java:1590)
	at org.apache.tomcat.util.net.SocketProcessorBase.run(SocketProcessorBase.java:49)
	at java.util.concurrent.ThreadPoolExecutor.runWorker(Unknown Source)
	at java.util.concurrent.ThreadPoolExecutor$Worker.run(Unknown Source)
	at org.apache.tomcat.util.threads.TaskThread$WrappingRunnable.run(TaskThread.java:61)
	at java.lang.Thread.run(Unknown Source)

[2m2020-06-14 23:31:42.367[0;39m [32m INFO[0;39m [35m14672[0;39m [2m---[0;39m [2m[on(2)-127.0.0.1][0;39m [36minMXBeanRegistrar$SpringApplicationAdmin[0;39m [2m:[0;39m Application shutdown requested.
[2m2020-06-14 23:31:42.372[0;39m [32m INFO[0;39m [35m14672[0;39m [2m---[0;39m [2m[on(2)-127.0.0.1][0;39m [36mo.s.s.concurrent.ThreadPoolTaskExecutor [0;39m [2m:[0;39m Shutting down ExecutorService 'applicationTaskExecutor'
[2m2020-06-14 23:35:22.550[0;39m [32m INFO[0;39m [35m4068[0;39m [2m---[0;39m [2m[  restartedMain][0;39m [36m.e.DevToolsPropertyDefaultsPostProcessor[0;39m [2m:[0;39m Devtools property defaults active! Set 'spring.devtools.add-properties' to 'false' to disable
[2m2020-06-14 23:35:22.553[0;39m [32m INFO[0;39m [35m4068[0;39m [2m---[0;39m [2m[  restartedMain][0;39m [36m.e.DevToolsPropertyDefaultsPostProcessor[0;39m [2m:[0;39m For additional web related logging consider setting the 'logging.level.web' property to 'DEBUG'
[2m2020-06-14 23:35:23.740[0;39m [32m INFO[0;39m [35m4068[0;39m [2m---[0;39m [2m[  restartedMain][0;39m [36mtrationDelegate$BeanPostProcessorChecker[0;39m [2m:[0;39m Bean 'org.springframework.ws.config.annotation.DelegatingWsConfiguration' of type [org.springframework.ws.config.annotation.DelegatingWsConfiguration$$EnhancerBySpringCGLIB$$69480353] is not eligible for getting processed by all BeanPostProcessors (for example: not eligible for auto-proxying)
[2m2020-06-14 23:35:23.768[0;39m [32m INFO[0;39m [35m4068[0;39m [2m---[0;39m [2m[  restartedMain][0;39m [36m.w.s.a.s.AnnotationActionEndpointMapping[0;39m [2m:[0;39m Supporting [WS-Addressing August 2004, WS-Addressing 1.0]
[2m2020-06-14 23:35:24.075[0;39m [32m INFO[0;39m [35m4068[0;39m [2m---[0;39m [2m[  restartedMain][0;39m [36mo.s.b.w.embedded.tomcat.TomcatWebServer [0;39m [2m:[0;39m Tomcat initialized with port(s): 9999 (http)
[2m2020-06-14 23:35:24.200[0;39m [32m INFO[0;39m [35m4068[0;39m [2m---[0;39m [2m[  restartedMain][0;39m [36mo.s.web.context.ContextLoader           [0;39m [2m:[0;39m Root WebApplicationContext: initialization completed in 1647 ms
[2m2020-06-14 23:35:24.990[0;39m [32m INFO[0;39m [35m4068[0;39m [2m---[0;39m [2m[  restartedMain][0;39m [36mo.s.s.concurrent.ThreadPoolTaskExecutor [0;39m [2m:[0;39m Initializing ExecutorService 'applicationTaskExecutor'
[2m2020-06-14 23:35:25.032[0;39m [32m INFO[0;39m [35m4068[0;39m [2m---[0;39m [2m[  restartedMain][0;39m [36mo.s.b.d.a.OptionalLiveReloadServer      [0;39m [2m:[0;39m LiveReload server is running on port 35729
[2m2020-06-14 23:35:25.507[0;39m [32m INFO[0;39m [35m4068[0;39m [2m---[0;39m [2m[  restartedMain][0;39m [36mo.s.b.w.embedded.tomcat.TomcatWebServer [0;39m [2m:[0;39m Tomcat started on port(s): 9999 (http) with context path '/happyhouse'
[2m2020-06-14 23:35:36.297[0;39m [32m INFO[0;39m [35m4068[0;39m [2m---[0;39m [2m[nio-9999-exec-1][0;39m [36mo.s.web.servlet.DispatcherServlet       [0;39m [2m:[0;39m Initializing Servlet 'dispatcherServlet'
[2m2020-06-14 23:35:36.309[0;39m [32m INFO[0;39m [35m4068[0;39m [2m---[0;39m [2m[nio-9999-exec-1][0;39m [36mo.s.web.servlet.DispatcherServlet       [0;39m [2m:[0;39m Completed initialization in 12 ms
[2m2020-06-14 23:35:46.695[0;39m [32mDEBUG[0;39m [35m4068[0;39m [2m---[0;39m [2m[io-9999-exec-10][0;39m [36mc.s.h.controller.NoticeController       [0;39m [2m:[0;39m CALL RETRIEVE_BY_NO METHOD --------------------------------- 1
